<?xml version="1.0" encoding="UTF-8"?>
<testsuite xmlns:xsi="http://www.w3.org/2001/XMLSchema-instance" xsi:noNamespaceSchemaLocation="https://maven.apache.org/surefire/maven-surefire-plugin/xsd/surefire-test-report-3.0.xsd" version="3.0" name="org.lukasz.faktury.buyer.BuyerServiceTest" time="1.301" tests="6" errors="0" skipped="0" failures="0">
  <properties>
[...]
</properties>
  <testcase name="shouldFindBuyer_BeforeCreateInvoices" classname="org.lukasz.faktury.buyer.BuyerServiceTest" time="1.202"/>
  <testcase name="shouldCreateBuyer_BeforeCreateInvoices" classname="org.lukasz.faktury.buyer.BuyerServiceTest" time="0.027"/>
  <testcase name="shouldReturnExistingBuyer_WhenBuyerExistsByNip" classname="org.lukasz.faktury.buyer.BuyerServiceTest" time="0.012"/>
  <testcase name="shouldFetchAndSaveNewBuyer_WhenBuyerNotFoundByNip" classname="org.lukasz.faktury.buyer.BuyerServiceTest" time="0.017"/>
  <testcase name="shouldNotCreateBuyer_BeforeCreateInvoices" classname="org.lukasz.faktury.buyer.BuyerServiceTest" time="0.009"/>
  <testcase name="shouldFindBuyerDto_BeforeCreateInvoices" classname="org.lukasz.faktury.buyer.BuyerServiceTest" time="0.009"/>
</testsuite>