<?xml version="1.0" encoding="UTF-8"?>
<testsuite xmlns:xsi="http://www.w3.org/2001/XMLSchema-instance" xsi:noNamespaceSchemaLocation="https://maven.apache.org/surefire/maven-surefire-plugin/xsd/surefire-test-report-3.0.xsd" version="3.0" name="org.lukasz.faktury.user.UserServiceTest" time="0.685" tests="2" errors="1" skipped="0" failures="1">
  <properties>
[...]
</properties>
  <testcase name="givenInvalidRequest_whenRegister_thenUserIsSavedAndTokenCreated" classname="org.lukasz.faktury.user.UserServiceTest" time="0.666">
    <error message="&#10;Unnecessary stubbings detected.&#10;Clean &amp; maintainable test code requires zero unnecessary code.&#10;Following stubbings are unnecessary (click to navigate to relevant line of code):&#10;  1. -&gt; at org.lukasz.faktury.user.UserServiceTest.givenInvalidRequest_whenRegister_thenUserIsSavedAndTokenCreated(UserServiceTest.java:87)&#10;  2. -&gt; at org.lukasz.faktury.user.UserServiceTest.givenInvalidRequest_whenRegister_thenUserIsSavedAndTokenCreated(UserServiceTest.java:88)&#10;Please remove unnecessary stubbings or use &apos;lenient&apos; strictness. More info: javadoc for UnnecessaryStubbingException class." type="org.mockito.exceptions.misusing.UnnecessaryStubbingException"><![CDATA[org.mockito.exceptions.misusing.UnnecessaryStubbingException: 

Unnecessary stubbings detected.
Clean & maintainable test code requires zero unnecessary code.
Following stubbings are unnecessary (click to navigate to relevant line of code):
  1. -> at org.lukasz.faktury.user.UserServiceTest.givenInvalidRequest_whenRegister_thenUserIsSavedAndTokenCreated(UserServiceTest.java:87)
  2. -> at org.lukasz.faktury.user.UserServiceTest.givenInvalidRequest_whenRegister_thenUserIsSavedAndTokenCreated(UserServiceTest.java:88)
Please remove unnecessary stubbings or use 'lenient' strictness. More info: javadoc for UnnecessaryStubbingException class.
	at org.mockito.junit.jupiter.MockitoExtension.afterEach(MockitoExtension.java:197)
	at java.base/java.util.ArrayList.forEach(ArrayList.java:1597)
	at java.base/java.util.ArrayList.forEach(ArrayList.java:1597)
]]></error>
  </testcase>
  <testcase name="givenValidRequest_whenRegister_thenUserIsSavedAndTokenCreated" classname="org.lukasz.faktury.user.UserServiceTest" time="0.015">
    <failure message="&#10;Wanted but not invoked:&#10;validation.validation(&#10;    UserRequest[email=7151536825@test.pl, password=pass, nip=7151536825]&#10;);&#10;-&gt; at org.lukasz.faktury.user.UserServiceTest.givenValidRequest_whenRegister_thenUserIsSavedAndTokenCreated(UserServiceTest.java:73)&#10;Actually, there were zero interactions with this mock.&#10;" type="Wanted but not invoked"><![CDATA[Wanted but not invoked:
validation.validation(
    UserRequest[email=7151536825@test.pl, password=pass, nip=7151536825]
);
-> at org.lukasz.faktury.user.UserServiceTest.givenValidRequest_whenRegister_thenUserIsSavedAndTokenCreated(UserServiceTest.java:73)
Actually, there were zero interactions with this mock.

	at org.lukasz.faktury.user.UserServiceTest.givenValidRequest_whenRegister_thenUserIsSavedAndTokenCreated(UserServiceTest.java:73)
	at java.base/java.lang.reflect.Method.invoke(Method.java:580)
	at java.base/java.util.ArrayList.forEach(ArrayList.java:1597)
	at java.base/java.util.ArrayList.forEach(ArrayList.java:1597)
]]></failure>
  </testcase>
</testsuite>