<?xml version="1.0" encoding="UTF-8"?>
<testsuite xmlns:xsi="http://www.w3.org/2001/XMLSchema-instance" xsi:noNamespaceSchemaLocation="https://maven.apache.org/surefire/maven-surefire-plugin/xsd/surefire-test-report-3.0.xsd" version="3.0" name="org.lukasz.faktury.user.UserServiceIntegrationTest" time="5.863" tests="10" errors="3" skipped="0" failures="0">
  <properties>
[...]
</properties>
  <testcase name="shouldRegisterUser_AndSendActivationEmail_WithValidTokenCeidg" classname="org.lukasz.faktury.user.UserServiceIntegrationTest" time="0.07">
    <error message="No value present" type="java.util.NoSuchElementException"><![CDATA[java.util.NoSuchElementException: No value present
	at java.base/java.util.Optional.orElseThrow(Optional.java:377)
	at org.lukasz.faktury.user.UserServiceIntegrationTest.shouldRegisterUser_AndSendActivationEmail_WithValidTokenCeidg(UserServiceIntegrationTest.java:95)
	at java.base/java.lang.reflect.Method.invoke(Method.java:580)
	at java.base/java.util.ArrayList.forEach(ArrayList.java:1597)
	at java.base/java.util.ArrayList.forEach(ArrayList.java:1597)
]]></error>
    <system-out><![CDATA[2025-11-04T17:55:08.179+01:00  INFO 6552 --- [           main] t.c.s.AnnotationConfigContextLoaderUtils : Could not detect default configuration classes for test class [org.lukasz.faktury.user.UserServiceIntegrationTest]: UserServiceIntegrationTest does not declare any static, non-private, non-final, nested classes annotated with @Configuration.
2025-11-04T17:55:08.248+01:00  INFO 6552 --- [           main] .b.t.c.SpringBootTestContextBootstrapper : Found @SpringBootConfiguration org.lukasz.faktury.FakturyApplication for test class org.lukasz.faktury.user.UserServiceIntegrationTest
2025-11-04T17:55:08.288+01:00  INFO 6552 --- [           main] org.eclipse.jetty.server.Server          : jetty-12.0.13; built: 2024-09-03T03:04:05.240Z; git: 816018a420329c1cacd4116799cda8c8c60a57cd; jvm 22.0.2+9-70
2025-11-04T17:55:08.292+01:00  INFO 6552 --- [           main] o.e.jetty.server.handler.ContextHandler  : Started oeje10s.ServletContextHandler@1c77372f{/__admin,/__admin,b=null,a=AVAILABLE,h=oeje10s.ServletHandler@7b83802f{STARTED}}
2025-11-04T17:55:08.293+01:00  WARN 6552 --- [           main] o.eclipse.jetty.util.DeprecationWarning  : Using @Deprecated Class org.eclipse.jetty.ee10.servlets.CrossOriginFilter
2025-11-04T17:55:08.294+01:00  INFO 6552 --- [           main] o.e.j.e.servlet.ServletContextHandler    : Started oeje10s.ServletContextHandler@1c77372f{/__admin,/__admin,b=null,a=AVAILABLE,h=oeje10s.ServletHandler@7b83802f{STARTED}}
2025-11-04T17:55:08.295+01:00  INFO 6552 --- [           main] o.e.jetty.server.handler.ContextHandler  : Started oeje10s.ServletContextHandler@1c4b871{ROOT,/,b=null,a=AVAILABLE,h=oeje10s.ServletHandler@2b24ef65{STARTED}}
2025-11-04T17:55:08.296+01:00  INFO 6552 --- [           main] o.e.j.s.handler.ContextHandler.ROOT      : RequestHandlerClass from context returned com.github.tomakehurst.wiremock.http.StubRequestHandler. Normalized mapped under returned 'null'
2025-11-04T17:55:08.297+01:00  INFO 6552 --- [           main] o.e.j.e.servlet.ServletContextHandler    : Started oeje10s.ServletContextHandler@1c4b871{ROOT,/,b=null,a=AVAILABLE,h=oeje10s.ServletHandler@2b24ef65{STARTED}}
2025-11-04T17:55:08.303+01:00  INFO 6552 --- [           main] o.e.jetty.server.AbstractConnector       : Started NetworkTrafficServerConnector@4d092a1b{HTTP/1.1, (http/1.1, h2c)}{0.0.0.0:53111}
2025-11-04T17:55:08.304+01:00  INFO 6552 --- [           main] org.eclipse.jetty.server.Server          : Started oejs.Server@24287e1f{STARTING}[12.0.13,sto=1000] @23088ms
2025-11-04T17:55:08.305+01:00  INFO 6552 --- [           main] tc.postgres:latest                       : Creating container for image: postgres:latest
2025-11-04T17:55:08.526+01:00  INFO 6552 --- [           main] tc.postgres:latest                       : Container postgres:latest is starting: bf58843d743a15ccba467ead6e835f581c6bb7643d652db2c0af954de4d755ac
2025-11-04T17:55:10.495+01:00  INFO 6552 --- [           main] tc.postgres:latest                       : Container postgres:latest started in PT2.1899173S
2025-11-04T17:55:10.496+01:00  INFO 6552 --- [           main] tc.postgres:latest                       : Container is started (JDBC URL: jdbc:postgresql://localhost:53112/invoices?loggerLevel=OFF)
2025-11-04T17:55:10.504+01:00  INFO 6552 --- [           main] o.s.b.d.r.RestartApplicationListener     : Restart disabled due to context in which it is running

  .   ____          _            __ _ _
 /\\ / ___'_ __ _ _(_)_ __  __ _ \ \ \ \
( ( )\___ | '_ | '_| | '_ \/ _` | \ \ \ \
 \\/  ___)| |_)| | | | | || (_| |  ) ) ) )
  '  |____| .__|_| |_|_| |_\__, | / / / /
 =========|_|==============|___/=/_/_/_/

 :: Spring Boot ::                (v3.3.4)

2025-11-04T17:55:10.580+01:00  INFO 6552 --- [           main] o.l.f.user.UserServiceIntegrationTest    : Starting UserServiceIntegrationTest using Java 22.0.2 with PID 6552 (started by Lukasz in E:\projekty\faktury)
2025-11-04T17:55:10.580+01:00  INFO 6552 --- [           main] o.l.f.user.UserServiceIntegrationTest    : The following 1 profile is active: "test"
2025-11-04T17:55:11.021+01:00  INFO 6552 --- [           main] .s.d.r.c.RepositoryConfigurationDelegate : Bootstrapping Spring Data JPA repositories in DEFAULT mode.
2025-11-04T17:55:11.087+01:00  INFO 6552 --- [           main] .s.d.r.c.RepositoryConfigurationDelegate : Finished Spring Data repository scanning in 65 ms. Found 7 JPA repository interfaces.
2025-11-04T17:55:11.379+01:00  INFO 6552 --- [           main] o.hibernate.jpa.internal.util.LogHelper  : HHH000204: Processing PersistenceUnitInfo [name: default]
2025-11-04T17:55:11.382+01:00  INFO 6552 --- [           main] o.h.c.internal.RegionFactoryInitiator    : HHH000026: Second-level cache disabled
2025-11-04T17:55:11.401+01:00  INFO 6552 --- [           main] o.s.o.j.p.SpringPersistenceUnitInfo      : No LoadTimeWeaver setup: ignoring JPA class transformer
2025-11-04T17:55:11.401+01:00  INFO 6552 --- [           main] com.zaxxer.hikari.HikariDataSource       : HikariPool-2 - Starting...
2025-11-04T17:55:11.446+01:00  INFO 6552 --- [           main] com.zaxxer.hikari.pool.HikariPool        : HikariPool-2 - Added connection org.postgresql.jdbc.PgConnection@790d30bb
2025-11-04T17:55:11.447+01:00  INFO 6552 --- [           main] com.zaxxer.hikari.HikariDataSource       : HikariPool-2 - Start completed.
2025-11-04T17:55:11.766+01:00  INFO 6552 --- [           main] o.h.e.t.j.p.i.JtaPlatformInitiator       : HHH000489: No JTA platform available (set 'hibernate.transaction.jta.platform' to enable JTA platform integration)
2025-11-04T17:55:11.784+01:00  WARN 6552 --- [           main] o.h.engine.jdbc.spi.SqlExceptionHelper   : SQL Warning Code: 0, SQLState: 00000
2025-11-04T17:55:11.785+01:00  WARN 6552 --- [           main] o.h.engine.jdbc.spi.SqlExceptionHelper   : relation "activation_token" does not exist, skipping
2025-11-04T17:55:11.787+01:00  WARN 6552 --- [           main] o.h.engine.jdbc.spi.SqlExceptionHelper   : SQL Warning Code: 0, SQLState: 00000
2025-11-04T17:55:11.787+01:00  WARN 6552 --- [           main] o.h.engine.jdbc.spi.SqlExceptionHelper   : relation "change_password" does not exist, skipping
2025-11-04T17:55:11.789+01:00  WARN 6552 --- [           main] o.h.engine.jdbc.spi.SqlExceptionHelper   : SQL Warning Code: 0, SQLState: 00000
2025-11-04T17:55:11.789+01:00  WARN 6552 --- [           main] o.h.engine.jdbc.spi.SqlExceptionHelper   : relation "invoice_items" does not exist, skipping
2025-11-04T17:55:11.791+01:00  WARN 6552 --- [           main] o.h.engine.jdbc.spi.SqlExceptionHelper   : SQL Warning Code: 0, SQLState: 00000
2025-11-04T17:55:11.791+01:00  WARN 6552 --- [           main] o.h.engine.jdbc.spi.SqlExceptionHelper   : relation "invoices" does not exist, skipping
2025-11-04T17:55:11.792+01:00  WARN 6552 --- [           main] o.h.engine.jdbc.spi.SqlExceptionHelper   : SQL Warning Code: 0, SQLState: 00000
2025-11-04T17:55:11.793+01:00  WARN 6552 --- [           main] o.h.engine.jdbc.spi.SqlExceptionHelper   : relation "invoices" does not exist, skipping
2025-11-04T17:55:11.795+01:00  WARN 6552 --- [           main] o.h.engine.jdbc.spi.SqlExceptionHelper   : SQL Warning Code: 0, SQLState: 00000
2025-11-04T17:55:11.795+01:00  WARN 6552 --- [           main] o.h.engine.jdbc.spi.SqlExceptionHelper   : relation "users" does not exist, skipping
2025-11-04T17:55:11.797+01:00  WARN 6552 --- [           main] o.h.engine.jdbc.spi.SqlExceptionHelper   : SQL Warning Code: 0, SQLState: 00000
2025-11-04T17:55:11.797+01:00  WARN 6552 --- [           main] o.h.engine.jdbc.spi.SqlExceptionHelper   : relation "users" does not exist, skipping
2025-11-04T17:55:11.798+01:00  WARN 6552 --- [           main] o.h.engine.jdbc.spi.SqlExceptionHelper   : SQL Warning Code: 0, SQLState: 00000
2025-11-04T17:55:11.799+01:00  WARN 6552 --- [           main] o.h.engine.jdbc.spi.SqlExceptionHelper   : table "activation_token" does not exist, skipping
2025-11-04T17:55:11.800+01:00  WARN 6552 --- [           main] o.h.engine.jdbc.spi.SqlExceptionHelper   : SQL Warning Code: 0, SQLState: 00000
2025-11-04T17:55:11.800+01:00  WARN 6552 --- [           main] o.h.engine.jdbc.spi.SqlExceptionHelper   : table "buyer" does not exist, skipping
2025-11-04T17:55:11.802+01:00  WARN 6552 --- [           main] o.h.engine.jdbc.spi.SqlExceptionHelper   : SQL Warning Code: 0, SQLState: 00000
2025-11-04T17:55:11.802+01:00  WARN 6552 --- [           main] o.h.engine.jdbc.spi.SqlExceptionHelper   : table "change_password" does not exist, skipping
2025-11-04T17:55:11.804+01:00  WARN 6552 --- [           main] o.h.engine.jdbc.spi.SqlExceptionHelper   : SQL Warning Code: 0, SQLState: 00000
2025-11-04T17:55:11.804+01:00  WARN 6552 --- [           main] o.h.engine.jdbc.spi.SqlExceptionHelper   : table "invoice_items" does not exist, skipping
2025-11-04T17:55:11.806+01:00  WARN 6552 --- [           main] o.h.engine.jdbc.spi.SqlExceptionHelper   : SQL Warning Code: 0, SQLState: 00000
2025-11-04T17:55:11.806+01:00  WARN 6552 --- [           main] o.h.engine.jdbc.spi.SqlExceptionHelper   : table "invoices" does not exist, skipping
2025-11-04T17:55:11.808+01:00  WARN 6552 --- [           main] o.h.engine.jdbc.spi.SqlExceptionHelper   : SQL Warning Code: 0, SQLState: 00000
2025-11-04T17:55:11.808+01:00  WARN 6552 --- [           main] o.h.engine.jdbc.spi.SqlExceptionHelper   : table "seller" does not exist, skipping
2025-11-04T17:55:11.810+01:00  WARN 6552 --- [           main] o.h.engine.jdbc.spi.SqlExceptionHelper   : SQL Warning Code: 0, SQLState: 00000
2025-11-04T17:55:11.810+01:00  WARN 6552 --- [           main] o.h.engine.jdbc.spi.SqlExceptionHelper   : table "users" does not exist, skipping
2025-11-04T17:55:11.857+01:00  INFO 6552 --- [           main] j.LocalContainerEntityManagerFactoryBean : Initialized JPA EntityManagerFactory for persistence unit 'default'
2025-11-04T17:55:12.140+01:00  WARN 6552 --- [           main] JpaBaseConfiguration$JpaWebConfiguration : spring.jpa.open-in-view is enabled by default. Therefore, database queries may be performed during view rendering. Explicitly configure spring.jpa.open-in-view to disable this warning
2025-11-04T17:55:12.154+01:00  INFO 6552 --- [           main] r$InitializeUserDetailsManagerConfigurer : Global AuthenticationManager configured with UserDetailsService bean with name customUserDetailsService
2025-11-04T17:55:12.489+01:00  INFO 6552 --- [           main] o.l.f.user.UserServiceIntegrationTest    : Started UserServiceIntegrationTest in 1.987 seconds (process running for 27.274)
]]></system-out>
  </testcase>
  <testcase name="shouldFindCompany_WhenSearchByNipCdeig" classname="org.lukasz.faktury.user.UserServiceIntegrationTest" time="0.128"/>
  <testcase name="shouldRegisterUser_AndSendActivationEmail_WithValidToken_WhenNipRegisteredAndCompanyNotRegistered" classname="org.lukasz.faktury.user.UserServiceIntegrationTest" time="0.048">
    <error message="No value present" type="java.util.NoSuchElementException"><![CDATA[java.util.NoSuchElementException: No value present
	at java.base/java.util.Optional.orElseThrow(Optional.java:377)
	at org.lukasz.faktury.user.UserServiceIntegrationTest.shouldRegisterUser_AndSendActivationEmail_WithValidToken_WhenNipRegisteredAndCompanyNotRegistered(UserServiceIntegrationTest.java:156)
	at java.base/java.lang.reflect.Method.invoke(Method.java:580)
	at java.base/java.util.ArrayList.forEach(ArrayList.java:1597)
	at java.base/java.util.ArrayList.forEach(ArrayList.java:1597)
]]></error>
  </testcase>
  <testcase name="shouldNotRegisterUser_WhenUserHaveAccount_AndThrowException" classname="org.lukasz.faktury.user.UserServiceIntegrationTest" time="0.087"/>
  <testcase name="shouldNotRegisterUser_WhenNipIsIncorrect_AndThrowException" classname="org.lukasz.faktury.user.UserServiceIntegrationTest" time="0.019"/>
  <testcase name="shouldFindCompany_WhenSearchByNipMf" classname="org.lukasz.faktury.user.UserServiceIntegrationTest" time="0.093">
    <system-out><![CDATA[2025-11-04T17:55:12.953+01:00  WARN 6552 --- [           main] o.a.h.c.h.p.ResponseProcessCookies       : ex-0000000004 Cookie rejected [visid_incap_3092761="rbf8dF6UQpu4TCCynTyEPS+B9mgAAAAAQUIPAAAAAACxRCiVBhkosP68DSZxZrlX", domain:mf.gov.pl, path:/, expiry:2026-10-19T22:20:55Z] Illegal 'domain' attribute "mf.gov.pl". Domain of origin: "localhost"
2025-11-04T17:55:12.954+01:00  WARN 6552 --- [           main] o.a.h.c.h.p.ResponseProcessCookies       : ex-0000000004 Cookie rejected [incap_ses_689_3092761="PSsycwRz2QNisjyiPdKPCS+B9mgAAAAAGXorhqwlvvKNA00utEWp9Q==", domain:mf.gov.pl, path:/, expiry:null] Illegal 'domain' attribute "mf.gov.pl". Domain of origin: "localhost"
]]></system-out>
  </testcase>
  <testcase name="shouldRegisterUser_AndSendActivationEmail_WithValidTokenMf" classname="org.lukasz.faktury.user.UserServiceIntegrationTest" time="0.021">
    <error message="No value present" type="java.util.NoSuchElementException"><![CDATA[java.util.NoSuchElementException: No value present
	at java.base/java.util.Optional.orElseThrow(Optional.java:377)
	at org.lukasz.faktury.user.UserServiceIntegrationTest.shouldRegisterUser_AndSendActivationEmail_WithValidTokenMf(UserServiceIntegrationTest.java:126)
	at java.base/java.lang.reflect.Method.invoke(Method.java:580)
	at java.base/java.util.ArrayList.forEach(ArrayList.java:1597)
	at java.base/java.util.ArrayList.forEach(ArrayList.java:1597)
]]></error>
  </testcase>
  <testcase name="shouldThrowException_WhenNipIsEmpty" classname="org.lukasz.faktury.user.UserServiceIntegrationTest" time="0.056"/>
  <testcase name="shouldThrowException_WhenNipIsFault" classname="org.lukasz.faktury.user.UserServiceIntegrationTest" time="0.02"/>
  <testcase name="shouldNotRegisterUser_WhenCompanyIsRegistered_AndThrowException" classname="org.lukasz.faktury.user.UserServiceIntegrationTest" time="0.013"/>
</testsuite>