<?xml version="1.0" encoding="UTF-8"?>
<testsuite xmlns:xsi="http://www.w3.org/2001/XMLSchema-instance" xsi:noNamespaceSchemaLocation="https://maven.apache.org/surefire/maven-surefire-plugin/xsd/surefire-test-report-3.0.xsd" version="3.0" name="org.lukasz.faktury.user.UserServiceIntegrationTest" time="8.399" tests="10" errors="0" skipped="0" failures="0">
  <properties>
[...]
</properties>
  <testcase name="shouldRegisterUser_AndSendActivationEmail_WithValidTokenCeidg" classname="org.lukasz.faktury.user.UserServiceIntegrationTest" time="0.561">
    <system-out><![CDATA[2025-10-25T13:53:29.344+02:00  INFO 29072 --- [           main] t.c.s.AnnotationConfigContextLoaderUtils : Could not detect default configuration classes for test class [org.lukasz.faktury.user.UserServiceIntegrationTest]: UserServiceIntegrationTest does not declare any static, non-private, non-final, nested classes annotated with @Configuration.
2025-10-25T13:53:29.405+02:00  INFO 29072 --- [           main] .b.t.c.SpringBootTestContextBootstrapper : Found @SpringBootConfiguration org.lukasz.faktury.FakturyApplication for test class org.lukasz.faktury.user.UserServiceIntegrationTest
2025-10-25T13:53:29.444+02:00  INFO 29072 --- [           main] org.eclipse.jetty.server.Server          : jetty-12.0.13; built: 2024-09-03T03:04:05.240Z; git: 816018a420329c1cacd4116799cda8c8c60a57cd; jvm 21.0.3+7-LTS-152
2025-10-25T13:53:29.450+02:00  INFO 29072 --- [           main] o.e.jetty.server.handler.ContextHandler  : Started oeje10s.ServletContextHandler@735c11c{/__admin,/__admin,b=null,a=AVAILABLE,h=oeje10s.ServletHandler@1754b076{STARTED}}
2025-10-25T13:53:29.451+02:00  WARN 29072 --- [           main] o.eclipse.jetty.util.DeprecationWarning  : Using @Deprecated Class org.eclipse.jetty.ee10.servlets.CrossOriginFilter
2025-10-25T13:53:29.452+02:00  INFO 29072 --- [           main] o.e.j.e.servlet.ServletContextHandler    : Started oeje10s.ServletContextHandler@735c11c{/__admin,/__admin,b=null,a=AVAILABLE,h=oeje10s.ServletHandler@1754b076{STARTED}}
2025-10-25T13:53:29.452+02:00  INFO 29072 --- [           main] o.e.jetty.server.handler.ContextHandler  : Started oeje10s.ServletContextHandler@3702e019{ROOT,/,b=null,a=AVAILABLE,h=oeje10s.ServletHandler@3c440bff{STARTED}}
2025-10-25T13:53:29.453+02:00  INFO 29072 --- [           main] o.e.j.s.handler.ContextHandler.ROOT      : RequestHandlerClass from context returned com.github.tomakehurst.wiremock.http.StubRequestHandler. Normalized mapped under returned 'null'
2025-10-25T13:53:29.453+02:00  INFO 29072 --- [           main] o.e.j.e.servlet.ServletContextHandler    : Started oeje10s.ServletContextHandler@3702e019{ROOT,/,b=null,a=AVAILABLE,h=oeje10s.ServletHandler@3c440bff{STARTED}}
2025-10-25T13:53:29.459+02:00  INFO 29072 --- [           main] o.e.jetty.server.AbstractConnector       : Started NetworkTrafficServerConnector@568b6945{HTTP/1.1, (http/1.1, h2c)}{0.0.0.0:53631}
2025-10-25T13:53:29.460+02:00  INFO 29072 --- [           main] org.eclipse.jetty.server.Server          : Started oejs.Server@66453c4b{STARTING}[12.0.13,sto=1000] @29955ms
2025-10-25T13:53:29.461+02:00  INFO 29072 --- [           main] tc.postgres:latest                       : Creating container for image: postgres:latest
2025-10-25T13:53:29.719+02:00  INFO 29072 --- [           main] tc.postgres:latest                       : Container postgres:latest is starting: 7367beed77b47050d453d42136f6f2ed336b46ec22bda1cc4ac985a2f8fb8da5
2025-10-25T13:53:32.290+02:00  INFO 29072 --- [           main] tc.postgres:latest                       : Container postgres:latest started in PT2.8288248S
2025-10-25T13:53:32.291+02:00  INFO 29072 --- [           main] tc.postgres:latest                       : Container is started (JDBC URL: jdbc:postgresql://localhost:53632/invoices?loggerLevel=OFF)
2025-10-25T13:53:32.299+02:00  INFO 29072 --- [           main] o.s.b.d.r.RestartApplicationListener     : Restart disabled due to context in which it is running

  .   ____          _            __ _ _
 /\\ / ___'_ __ _ _(_)_ __  __ _ \ \ \ \
( ( )\___ | '_ | '_| | '_ \/ _` | \ \ \ \
 \\/  ___)| |_)| | | | | || (_| |  ) ) ) )
  '  |____| .__|_| |_|_| |_\__, | / / / /
 =========|_|==============|___/=/_/_/_/

 :: Spring Boot ::                (v3.3.4)

2025-10-25T13:53:32.405+02:00  INFO 29072 --- [           main] o.l.f.user.UserServiceIntegrationTest    : Starting UserServiceIntegrationTest using Java 21.0.3 with PID 29072 (started by Lukasz in E:\projekty\faktury)
2025-10-25T13:53:32.406+02:00  INFO 29072 --- [           main] o.l.f.user.UserServiceIntegrationTest    : The following 1 profile is active: "test"
2025-10-25T13:53:33.069+02:00  INFO 29072 --- [           main] .s.d.r.c.RepositoryConfigurationDelegate : Bootstrapping Spring Data JPA repositories in DEFAULT mode.
2025-10-25T13:53:33.152+02:00  INFO 29072 --- [           main] .s.d.r.c.RepositoryConfigurationDelegate : Finished Spring Data repository scanning in 82 ms. Found 7 JPA repository interfaces.
2025-10-25T13:53:33.547+02:00  INFO 29072 --- [           main] o.hibernate.jpa.internal.util.LogHelper  : HHH000204: Processing PersistenceUnitInfo [name: default]
2025-10-25T13:53:33.558+02:00  INFO 29072 --- [           main] o.h.c.internal.RegionFactoryInitiator    : HHH000026: Second-level cache disabled
2025-10-25T13:53:33.587+02:00  INFO 29072 --- [           main] o.s.o.j.p.SpringPersistenceUnitInfo      : No LoadTimeWeaver setup: ignoring JPA class transformer
2025-10-25T13:53:33.589+02:00  INFO 29072 --- [           main] com.zaxxer.hikari.HikariDataSource       : HikariPool-2 - Starting...
2025-10-25T13:53:33.640+02:00  INFO 29072 --- [           main] com.zaxxer.hikari.pool.HikariPool        : HikariPool-2 - Added connection org.postgresql.jdbc.PgConnection@3d61438
2025-10-25T13:53:33.641+02:00  INFO 29072 --- [           main] com.zaxxer.hikari.HikariDataSource       : HikariPool-2 - Start completed.
2025-10-25T13:53:34.079+02:00  INFO 29072 --- [           main] o.h.e.t.j.p.i.JtaPlatformInitiator       : HHH000489: No JTA platform available (set 'hibernate.transaction.jta.platform' to enable JTA platform integration)
2025-10-25T13:53:34.086+02:00  WARN 29072 --- [           main] o.h.engine.jdbc.spi.SqlExceptionHelper   : SQL Warning Code: 0, SQLState: 00000
2025-10-25T13:53:34.086+02:00  WARN 29072 --- [           main] o.h.engine.jdbc.spi.SqlExceptionHelper   : relation "activation_token" does not exist, skipping
2025-10-25T13:53:34.089+02:00  WARN 29072 --- [           main] o.h.engine.jdbc.spi.SqlExceptionHelper   : SQL Warning Code: 0, SQLState: 00000
2025-10-25T13:53:34.089+02:00  WARN 29072 --- [           main] o.h.engine.jdbc.spi.SqlExceptionHelper   : relation "change_password" does not exist, skipping
2025-10-25T13:53:34.092+02:00  WARN 29072 --- [           main] o.h.engine.jdbc.spi.SqlExceptionHelper   : SQL Warning Code: 0, SQLState: 00000
2025-10-25T13:53:34.092+02:00  WARN 29072 --- [           main] o.h.engine.jdbc.spi.SqlExceptionHelper   : relation "invoice_items" does not exist, skipping
2025-10-25T13:53:34.095+02:00  WARN 29072 --- [           main] o.h.engine.jdbc.spi.SqlExceptionHelper   : SQL Warning Code: 0, SQLState: 00000
2025-10-25T13:53:34.095+02:00  WARN 29072 --- [           main] o.h.engine.jdbc.spi.SqlExceptionHelper   : relation "invoices" does not exist, skipping
2025-10-25T13:53:34.098+02:00  WARN 29072 --- [           main] o.h.engine.jdbc.spi.SqlExceptionHelper   : SQL Warning Code: 0, SQLState: 00000
2025-10-25T13:53:34.098+02:00  WARN 29072 --- [           main] o.h.engine.jdbc.spi.SqlExceptionHelper   : relation "invoices" does not exist, skipping
2025-10-25T13:53:34.100+02:00  WARN 29072 --- [           main] o.h.engine.jdbc.spi.SqlExceptionHelper   : SQL Warning Code: 0, SQLState: 00000
2025-10-25T13:53:34.100+02:00  WARN 29072 --- [           main] o.h.engine.jdbc.spi.SqlExceptionHelper   : relation "users" does not exist, skipping
2025-10-25T13:53:34.103+02:00  WARN 29072 --- [           main] o.h.engine.jdbc.spi.SqlExceptionHelper   : SQL Warning Code: 0, SQLState: 00000
2025-10-25T13:53:34.103+02:00  WARN 29072 --- [           main] o.h.engine.jdbc.spi.SqlExceptionHelper   : relation "users" does not exist, skipping
2025-10-25T13:53:34.106+02:00  WARN 29072 --- [           main] o.h.engine.jdbc.spi.SqlExceptionHelper   : SQL Warning Code: 0, SQLState: 00000
2025-10-25T13:53:34.106+02:00  WARN 29072 --- [           main] o.h.engine.jdbc.spi.SqlExceptionHelper   : table "activation_token" does not exist, skipping
2025-10-25T13:53:34.109+02:00  WARN 29072 --- [           main] o.h.engine.jdbc.spi.SqlExceptionHelper   : SQL Warning Code: 0, SQLState: 00000
2025-10-25T13:53:34.109+02:00  WARN 29072 --- [           main] o.h.engine.jdbc.spi.SqlExceptionHelper   : table "buyer" does not exist, skipping
2025-10-25T13:53:34.111+02:00  WARN 29072 --- [           main] o.h.engine.jdbc.spi.SqlExceptionHelper   : SQL Warning Code: 0, SQLState: 00000
2025-10-25T13:53:34.112+02:00  WARN 29072 --- [           main] o.h.engine.jdbc.spi.SqlExceptionHelper   : table "change_password" does not exist, skipping
2025-10-25T13:53:34.114+02:00  WARN 29072 --- [           main] o.h.engine.jdbc.spi.SqlExceptionHelper   : SQL Warning Code: 0, SQLState: 00000
2025-10-25T13:53:34.114+02:00  WARN 29072 --- [           main] o.h.engine.jdbc.spi.SqlExceptionHelper   : table "invoice_items" does not exist, skipping
2025-10-25T13:53:34.116+02:00  WARN 29072 --- [           main] o.h.engine.jdbc.spi.SqlExceptionHelper   : SQL Warning Code: 0, SQLState: 00000
2025-10-25T13:53:34.117+02:00  WARN 29072 --- [           main] o.h.engine.jdbc.spi.SqlExceptionHelper   : table "invoices" does not exist, skipping
2025-10-25T13:53:34.119+02:00  WARN 29072 --- [           main] o.h.engine.jdbc.spi.SqlExceptionHelper   : SQL Warning Code: 0, SQLState: 00000
2025-10-25T13:53:34.119+02:00  WARN 29072 --- [           main] o.h.engine.jdbc.spi.SqlExceptionHelper   : table "seller" does not exist, skipping
2025-10-25T13:53:34.121+02:00  WARN 29072 --- [           main] o.h.engine.jdbc.spi.SqlExceptionHelper   : SQL Warning Code: 0, SQLState: 00000
2025-10-25T13:53:34.122+02:00  WARN 29072 --- [           main] o.h.engine.jdbc.spi.SqlExceptionHelper   : table "users" does not exist, skipping
2025-10-25T13:53:34.189+02:00  INFO 29072 --- [           main] j.LocalContainerEntityManagerFactoryBean : Initialized JPA EntityManagerFactory for persistence unit 'default'
2025-10-25T13:53:34.567+02:00  WARN 29072 --- [           main] JpaBaseConfiguration$JpaWebConfiguration : spring.jpa.open-in-view is enabled by default. Therefore, database queries may be performed during view rendering. Explicitly configure spring.jpa.open-in-view to disable this warning
2025-10-25T13:53:34.578+02:00  INFO 29072 --- [           main] r$InitializeUserDetailsManagerConfigurer : Global AuthenticationManager configured with UserDetailsService bean with name customUserDetailsService
2025-10-25T13:53:34.945+02:00  INFO 29072 --- [           main] o.l.f.user.UserServiceIntegrationTest    : Started UserServiceIntegrationTest in 2.648 seconds (process running for 35.439)
2025-10-25T13:53:34.976+02:00  INFO 29072 --- [           main] o.lukasz.faktury.user.UserServiceImpl    : Inside registration
2025-10-25T13:53:35.178+02:00  INFO 29072 --- [           main] o.lukasz.faktury.user.UserServiceImpl    : Inside registration  seller -> Seller{id=4, name='Dolce Vita MARTA BĄK', nip='7151536825', regon='060293389', city='Urzędów', zipCode='23-250', street='ul. Rynek', houseNumber='5', accountNb='null', user=null, invoices=null} 
2025-10-25T13:53:35.389+02:00  INFO 29072 --- [           main] o.lukasz.faktury.user.UserServiceImpl    : Inside registration  user -> User{id=4, email='7151536825@test.pl', nip='7151536825', active=false, seller=Seller{id=4, name='Dolce Vita MARTA BĄK', nip='7151536825', regon='060293389', city='Urzędów', zipCode='23-250', street='ul. Rynek', houseNumber='5', accountNb='null', user=null, invoices=null}, activationTokens=null, changePassword=null} 
2025-10-25T13:53:35.400+02:00  INFO 29072 --- [           main] o.l.f.u.c.a.ActivationTokenServiceImpl   : Inside createToken 
2025-10-25T13:53:35.408+02:00  INFO 29072 --- [           main] o.l.f.u.c.a.ActivationTokenServiceImpl   : Inside createToken  generated link  -> localhost:0/confirm?token=35059c53-e42d-406a-b5d4-3aa54f1654cc 
]]></system-out>
  </testcase>
  <testcase name="shouldFindCompany_WhenSearchByNipCdeig" classname="org.lukasz.faktury.user.UserServiceIntegrationTest" time="0.081"/>
  <testcase name="shouldRegisterUser_AndSendActivationEmail_WithValidToken_WhenNipRegisteredAndCompanyNotRegistered" classname="org.lukasz.faktury.user.UserServiceIntegrationTest" time="0.246">
    <system-out><![CDATA[2025-10-25T13:53:35.616+02:00  INFO 29072 --- [           main] o.lukasz.faktury.user.UserServiceImpl    : Inside registration
2025-10-25T13:53:35.629+02:00  INFO 29072 --- [           main] o.lukasz.faktury.user.UserServiceImpl    : Inside registration  seller -> Seller{id=5, name='Software Soluzioni', nip='8133209246', regon='060557919', city='WARSZAWA', zipCode='00-850', street='PROSTA', houseNumber='20', accountNb='null', user=null, invoices=null} 
2025-10-25T13:53:35.807+02:00  INFO 29072 --- [           main] o.lukasz.faktury.user.UserServiceImpl    : Inside registration  user -> User{id=5, email='8133209246@test.pl', nip='8133209246', active=false, seller=Seller{id=5, name='Software Soluzioni', nip='8133209246', regon='060557919', city='WARSZAWA', zipCode='00-850', street='PROSTA', houseNumber='20', accountNb='null', user=null, invoices=null}, activationTokens=null, changePassword=null} 
2025-10-25T13:53:35.808+02:00  INFO 29072 --- [           main] o.l.f.u.c.a.ActivationTokenServiceImpl   : Inside createToken 
2025-10-25T13:53:35.811+02:00  INFO 29072 --- [           main] o.l.f.u.c.a.ActivationTokenServiceImpl   : Inside createToken  generated link  -> localhost:0/confirm?token=160ed365-79b4-45b8-83b7-de94fc98c395 
]]></system-out>
  </testcase>
  <testcase name="shouldNotRegisterUser_WhenUserHaveAccount_AndThrowException" classname="org.lukasz.faktury.user.UserServiceIntegrationTest" time="0.144">
    <system-out><![CDATA[2025-10-25T13:53:35.973+02:00  INFO 29072 --- [           main] o.lukasz.faktury.user.UserServiceImpl    : Inside registration
]]></system-out>
  </testcase>
  <testcase name="shouldNotRegisterUser_WhenNipIsIncorrect_AndThrowException" classname="org.lukasz.faktury.user.UserServiceIntegrationTest" time="0.055">
    <system-out><![CDATA[2025-10-25T13:53:36.014+02:00  INFO 29072 --- [           main] o.lukasz.faktury.user.UserServiceImpl    : Inside registration
2025-10-25T13:53:36.047+02:00 ERROR 29072 --- [           main] o.l.f.utils.validation.ValidationImpl    : inside validation  errors: niepoprawny number identyfikacyjny VAT (NIP)
]]></system-out>
  </testcase>
  <testcase name="shouldFindCompany_WhenSearchByNipMf" classname="org.lukasz.faktury.user.UserServiceIntegrationTest" time="0.067">
    <system-out><![CDATA[2025-10-25T13:53:36.101+02:00  WARN 29072 --- [           main] o.a.h.c.h.p.ResponseProcessCookies       : ex-0000000004 Cookie rejected [visid_incap_3092761="rbf8dF6UQpu4TCCynTyEPS+B9mgAAAAAQUIPAAAAAACxRCiVBhkosP68DSZxZrlX", domain:mf.gov.pl, path:/, expiry:2026-10-19T22:20:55Z] Illegal 'domain' attribute "mf.gov.pl". Domain of origin: "localhost"
2025-10-25T13:53:36.102+02:00  WARN 29072 --- [           main] o.a.h.c.h.p.ResponseProcessCookies       : ex-0000000004 Cookie rejected [incap_ses_689_3092761="PSsycwRz2QNisjyiPdKPCS+B9mgAAAAAGXorhqwlvvKNA00utEWp9Q==", domain:mf.gov.pl, path:/, expiry:null] Illegal 'domain' attribute "mf.gov.pl". Domain of origin: "localhost"
]]></system-out>
  </testcase>
  <testcase name="shouldRegisterUser_AndSendActivationEmail_WithValidTokenMf" classname="org.lukasz.faktury.user.UserServiceIntegrationTest" time="0.271">
    <system-out><![CDATA[2025-10-25T13:53:36.138+02:00  INFO 29072 --- [           main] o.lukasz.faktury.user.UserServiceImpl    : Inside registration
2025-10-25T13:53:36.154+02:00  INFO 29072 --- [           main] o.lukasz.faktury.user.UserServiceImpl    : Inside registration  seller -> Seller{id=6, name='BS z.o.o', nip='5272962520', regon='389300568', city='WARSZAWA', zipCode='00-850', street='PROSTA', houseNumber='20', accountNb='null', user=null, invoices=null} 
2025-10-25T13:53:36.350+02:00  INFO 29072 --- [           main] o.lukasz.faktury.user.UserServiceImpl    : Inside registration  user -> User{id=6, email='5272962520@test.pl', nip='5272962520', active=false, seller=Seller{id=6, name='BS z.o.o', nip='5272962520', regon='389300568', city='WARSZAWA', zipCode='00-850', street='PROSTA', houseNumber='20', accountNb='null', user=null, invoices=null}, activationTokens=null, changePassword=null} 
2025-10-25T13:53:36.350+02:00  INFO 29072 --- [           main] o.l.f.u.c.a.ActivationTokenServiceImpl   : Inside createToken 
2025-10-25T13:53:36.354+02:00  INFO 29072 --- [           main] o.l.f.u.c.a.ActivationTokenServiceImpl   : Inside createToken  generated link  -> localhost:0/confirm?token=ee314b18-396e-4de9-aaaf-a0afe39ae7c4 
]]></system-out>
  </testcase>
  <testcase name="shouldThrowException_WhenNipIsEmpty" classname="org.lukasz.faktury.user.UserServiceIntegrationTest" time="0.023"/>
  <testcase name="shouldThrowException_WhenNipIsFault" classname="org.lukasz.faktury.user.UserServiceIntegrationTest" time="0.032"/>
  <testcase name="shouldNotRegisterUser_WhenCompanyIsRegistered_AndThrowException" classname="org.lukasz.faktury.user.UserServiceIntegrationTest" time="0.036">
    <system-out><![CDATA[2025-10-25T13:53:36.473+02:00  INFO 29072 --- [           main] o.lukasz.faktury.user.UserServiceImpl    : Inside registration
]]></system-out>
  </testcase>
</testsuite>