<?xml version="1.0" encoding="UTF-8"?>
<testsuite xmlns:xsi="http://www.w3.org/2001/XMLSchema-instance" xsi:noNamespaceSchemaLocation="https://maven.apache.org/surefire/maven-surefire-plugin/xsd/surefire-test-report-3.0.xsd" version="3.0" name="org.lukasz.faktury.buyer.BuyerServiceIntegrationTest" time="24.447" tests="2" errors="0" skipped="0" failures="0">
  <properties>
[...]
</properties>
  <testcase name="shouldFindAndReturnBuyerFromCdeig_whenSearchByNip" classname="org.lukasz.faktury.buyer.BuyerServiceIntegrationTest" time="1.695">
    <system-out><![CDATA[13:53:02.845 [main] INFO org.testcontainers.images.PullPolicy -- Image pull policy will be performed by: DefaultPullPolicy()
13:53:02.867 [main] INFO org.testcontainers.utility.ImageNameSubstitutor -- Image name substitution will be performed by: DefaultImageNameSubstitutor (composite of 'ConfigurationFileImageNameSubstitutor' and 'PrefixingImageNameSubstitutor')
13:53:03.461 [main] INFO org.springframework.test.context.support.AnnotationConfigContextLoaderUtils -- Could not detect default configuration classes for test class [org.lukasz.faktury.buyer.BuyerServiceIntegrationTest]: BuyerServiceIntegrationTest does not declare any static, non-private, non-final, nested classes annotated with @Configuration.
13:53:03.842 [main] INFO org.springframework.boot.test.context.SpringBootTestContextBootstrapper -- Found @SpringBootConfiguration org.lukasz.faktury.FakturyApplication for test class org.lukasz.faktury.buyer.BuyerServiceIntegrationTest
13:53:08.294 [main] INFO org.eclipse.jetty.server.Server -- jetty-12.0.13; built: 2024-09-03T03:04:05.240Z; git: 816018a420329c1cacd4116799cda8c8c60a57cd; jvm 21.0.3+7-LTS-152
13:53:08.328 [main] INFO org.eclipse.jetty.server.handler.ContextHandler -- Started oeje10s.ServletContextHandler@8b727cb{/__admin,/__admin,b=null,a=AVAILABLE,h=oeje10s.ServletHandler@6030eff1{STARTED}}
13:53:08.332 [main] WARN org.eclipse.jetty.util.DeprecationWarning -- Using @Deprecated Class org.eclipse.jetty.ee10.servlets.CrossOriginFilter
13:53:08.337 [main] INFO org.eclipse.jetty.ee10.servlet.ServletContextHandler -- Started oeje10s.ServletContextHandler@8b727cb{/__admin,/__admin,b=null,a=AVAILABLE,h=oeje10s.ServletHandler@6030eff1{STARTED}}
13:53:08.340 [main] INFO org.eclipse.jetty.server.handler.ContextHandler -- Started oeje10s.ServletContextHandler@65cb50dc{ROOT,/,b=null,a=AVAILABLE,h=oeje10s.ServletHandler@7fec6c2f{STARTED}}
13:53:08.348 [main] INFO org.eclipse.jetty.server.handler.ContextHandler.ROOT -- RequestHandlerClass from context returned com.github.tomakehurst.wiremock.http.StubRequestHandler. Normalized mapped under returned 'null'
13:53:08.349 [main] INFO org.eclipse.jetty.ee10.servlet.ServletContextHandler -- Started oeje10s.ServletContextHandler@65cb50dc{ROOT,/,b=null,a=AVAILABLE,h=oeje10s.ServletHandler@7fec6c2f{STARTED}}
13:53:08.381 [main] INFO org.eclipse.jetty.server.AbstractConnector -- Started NetworkTrafficServerConnector@5976e6a4{HTTP/1.1, (http/1.1, h2c)}{0.0.0.0:53614}
13:53:08.386 [main] INFO org.eclipse.jetty.server.Server -- Started oejs.Server@763a72da{STARTING}[12.0.13,sto=1000] @8881ms
13:53:08.402 [main] INFO org.testcontainers.DockerClientFactory -- Testcontainers version: 1.21.3
13:53:09.075 [main] INFO org.testcontainers.dockerclient.DockerClientProviderStrategy -- Loaded org.testcontainers.dockerclient.NpipeSocketClientProviderStrategy from ~/.testcontainers.properties, will try it first
13:53:09.791 [main] INFO org.testcontainers.dockerclient.DockerClientProviderStrategy -- Found Docker environment with local Npipe socket (npipe:////./pipe/docker_engine)
13:53:09.793 [main] INFO org.testcontainers.DockerClientFactory -- Docker host IP address is localhost
13:53:09.832 [main] INFO org.testcontainers.DockerClientFactory -- Connected to docker: 
  Server Version: 28.4.0
  API Version: 1.51
  Operating System: Docker Desktop
  Total Memory: 9886 MB
  Labels: 
    com.docker.desktop.address=npipe://\\.\pipe\docker_cli
13:53:10.053 [main] INFO tc.testcontainers/ryuk:0.12.0 -- Creating container for image: testcontainers/ryuk:0.12.0
13:53:10.658 [main] INFO tc.testcontainers/ryuk:0.12.0 -- Container testcontainers/ryuk:0.12.0 is starting: 1f42673ada83061d22d3adace52126640d1d411687be946191ca2f2f7dff5c03
13:53:11.377 [main] INFO tc.testcontainers/ryuk:0.12.0 -- Container testcontainers/ryuk:0.12.0 started in PT1.3238043S
13:53:11.385 [main] INFO org.testcontainers.utility.RyukResourceReaper -- Ryuk started - will monitor and terminate Testcontainers containers on JVM exit
13:53:11.385 [main] INFO org.testcontainers.DockerClientFactory -- Checking the system...
13:53:11.386 [main] INFO org.testcontainers.DockerClientFactory -- ✔︎ Docker server version should be at least 1.6.0
13:53:11.387 [main] INFO tc.postgres:latest -- Creating container for image: postgres:latest
13:53:11.640 [main] INFO tc.postgres:latest -- Container postgres:latest is starting: 4709d34efd15b38618797da730672743a46f25d65e72dadb9bf81c3388016b3c
13:53:13.919 [main] INFO tc.postgres:latest -- Container postgres:latest started in PT2.5321066S
13:53:13.920 [main] INFO tc.postgres:latest -- Container is started (JDBC URL: jdbc:postgresql://localhost:53617/invoices?loggerLevel=OFF)
13:53:14.006 [main] INFO org.springframework.boot.devtools.restart.RestartApplicationListener -- Restart disabled due to context in which it is running

  .   ____          _            __ _ _
 /\\ / ___'_ __ _ _(_)_ __  __ _ \ \ \ \
( ( )\___ | '_ | '_| | '_ \/ _` | \ \ \ \
 \\/  ___)| |_)| | | | | || (_| |  ) ) ) )
  '  |____| .__|_| |_|_| |_\__, | / / / /
 =========|_|==============|___/=/_/_/_/

 :: Spring Boot ::                (v3.3.4)

2025-10-25T13:53:14.684+02:00  INFO 29072 --- [           main] o.l.f.buyer.BuyerServiceIntegrationTest  : Starting BuyerServiceIntegrationTest using Java 21.0.3 with PID 29072 (started by Lukasz in E:\projekty\faktury)
2025-10-25T13:53:14.686+02:00  INFO 29072 --- [           main] o.l.f.buyer.BuyerServiceIntegrationTest  : The following 1 profile is active: "test"
2025-10-25T13:53:16.244+02:00  INFO 29072 --- [           main] .s.d.r.c.RepositoryConfigurationDelegate : Bootstrapping Spring Data JPA repositories in DEFAULT mode.
2025-10-25T13:53:16.411+02:00  INFO 29072 --- [           main] .s.d.r.c.RepositoryConfigurationDelegate : Finished Spring Data repository scanning in 146 ms. Found 7 JPA repository interfaces.
2025-10-25T13:53:17.604+02:00  INFO 29072 --- [           main] o.hibernate.jpa.internal.util.LogHelper  : HHH000204: Processing PersistenceUnitInfo [name: default]
2025-10-25T13:53:17.745+02:00  INFO 29072 --- [           main] org.hibernate.Version                    : HHH000412: Hibernate ORM core version 6.5.3.Final
2025-10-25T13:53:17.814+02:00  INFO 29072 --- [           main] o.h.c.internal.RegionFactoryInitiator    : HHH000026: Second-level cache disabled
2025-10-25T13:53:18.465+02:00  INFO 29072 --- [           main] o.s.o.j.p.SpringPersistenceUnitInfo      : No LoadTimeWeaver setup: ignoring JPA class transformer
2025-10-25T13:53:18.544+02:00  INFO 29072 --- [           main] com.zaxxer.hikari.HikariDataSource       : HikariPool-1 - Starting...
2025-10-25T13:53:18.993+02:00  INFO 29072 --- [           main] com.zaxxer.hikari.pool.HikariPool        : HikariPool-1 - Added connection org.postgresql.jdbc.PgConnection@287607d9
2025-10-25T13:53:18.996+02:00  INFO 29072 --- [           main] com.zaxxer.hikari.HikariDataSource       : HikariPool-1 - Start completed.
2025-10-25T13:53:21.854+02:00  INFO 29072 --- [           main] o.h.e.t.j.p.i.JtaPlatformInitiator       : HHH000489: No JTA platform available (set 'hibernate.transaction.jta.platform' to enable JTA platform integration)
2025-10-25T13:53:21.896+02:00  WARN 29072 --- [           main] o.h.engine.jdbc.spi.SqlExceptionHelper   : SQL Warning Code: 0, SQLState: 00000
2025-10-25T13:53:21.896+02:00  WARN 29072 --- [           main] o.h.engine.jdbc.spi.SqlExceptionHelper   : relation "activation_token" does not exist, skipping
2025-10-25T13:53:21.898+02:00  WARN 29072 --- [           main] o.h.engine.jdbc.spi.SqlExceptionHelper   : SQL Warning Code: 0, SQLState: 00000
2025-10-25T13:53:21.898+02:00  WARN 29072 --- [           main] o.h.engine.jdbc.spi.SqlExceptionHelper   : relation "change_password" does not exist, skipping
2025-10-25T13:53:21.900+02:00  WARN 29072 --- [           main] o.h.engine.jdbc.spi.SqlExceptionHelper   : SQL Warning Code: 0, SQLState: 00000
2025-10-25T13:53:21.900+02:00  WARN 29072 --- [           main] o.h.engine.jdbc.spi.SqlExceptionHelper   : relation "invoice_items" does not exist, skipping
2025-10-25T13:53:21.902+02:00  WARN 29072 --- [           main] o.h.engine.jdbc.spi.SqlExceptionHelper   : SQL Warning Code: 0, SQLState: 00000
2025-10-25T13:53:21.902+02:00  WARN 29072 --- [           main] o.h.engine.jdbc.spi.SqlExceptionHelper   : relation "invoices" does not exist, skipping
2025-10-25T13:53:21.903+02:00  WARN 29072 --- [           main] o.h.engine.jdbc.spi.SqlExceptionHelper   : SQL Warning Code: 0, SQLState: 00000
2025-10-25T13:53:21.904+02:00  WARN 29072 --- [           main] o.h.engine.jdbc.spi.SqlExceptionHelper   : relation "invoices" does not exist, skipping
2025-10-25T13:53:21.905+02:00  WARN 29072 --- [           main] o.h.engine.jdbc.spi.SqlExceptionHelper   : SQL Warning Code: 0, SQLState: 00000
2025-10-25T13:53:21.906+02:00  WARN 29072 --- [           main] o.h.engine.jdbc.spi.SqlExceptionHelper   : relation "users" does not exist, skipping
2025-10-25T13:53:21.907+02:00  WARN 29072 --- [           main] o.h.engine.jdbc.spi.SqlExceptionHelper   : SQL Warning Code: 0, SQLState: 00000
2025-10-25T13:53:21.907+02:00  WARN 29072 --- [           main] o.h.engine.jdbc.spi.SqlExceptionHelper   : relation "users" does not exist, skipping
2025-10-25T13:53:21.909+02:00  WARN 29072 --- [           main] o.h.engine.jdbc.spi.SqlExceptionHelper   : SQL Warning Code: 0, SQLState: 00000
2025-10-25T13:53:21.909+02:00  WARN 29072 --- [           main] o.h.engine.jdbc.spi.SqlExceptionHelper   : table "activation_token" does not exist, skipping
2025-10-25T13:53:21.910+02:00  WARN 29072 --- [           main] o.h.engine.jdbc.spi.SqlExceptionHelper   : SQL Warning Code: 0, SQLState: 00000
2025-10-25T13:53:21.910+02:00  WARN 29072 --- [           main] o.h.engine.jdbc.spi.SqlExceptionHelper   : table "buyer" does not exist, skipping
2025-10-25T13:53:21.911+02:00  WARN 29072 --- [           main] o.h.engine.jdbc.spi.SqlExceptionHelper   : SQL Warning Code: 0, SQLState: 00000
2025-10-25T13:53:21.912+02:00  WARN 29072 --- [           main] o.h.engine.jdbc.spi.SqlExceptionHelper   : table "change_password" does not exist, skipping
2025-10-25T13:53:21.913+02:00  WARN 29072 --- [           main] o.h.engine.jdbc.spi.SqlExceptionHelper   : SQL Warning Code: 0, SQLState: 00000
2025-10-25T13:53:21.913+02:00  WARN 29072 --- [           main] o.h.engine.jdbc.spi.SqlExceptionHelper   : table "invoice_items" does not exist, skipping
2025-10-25T13:53:21.915+02:00  WARN 29072 --- [           main] o.h.engine.jdbc.spi.SqlExceptionHelper   : SQL Warning Code: 0, SQLState: 00000
2025-10-25T13:53:21.915+02:00  WARN 29072 --- [           main] o.h.engine.jdbc.spi.SqlExceptionHelper   : table "invoices" does not exist, skipping
2025-10-25T13:53:21.916+02:00  WARN 29072 --- [           main] o.h.engine.jdbc.spi.SqlExceptionHelper   : SQL Warning Code: 0, SQLState: 00000
2025-10-25T13:53:21.916+02:00  WARN 29072 --- [           main] o.h.engine.jdbc.spi.SqlExceptionHelper   : table "seller" does not exist, skipping
2025-10-25T13:53:21.918+02:00  WARN 29072 --- [           main] o.h.engine.jdbc.spi.SqlExceptionHelper   : SQL Warning Code: 0, SQLState: 00000
2025-10-25T13:53:21.918+02:00  WARN 29072 --- [           main] o.h.engine.jdbc.spi.SqlExceptionHelper   : table "users" does not exist, skipping
2025-10-25T13:53:21.984+02:00  INFO 29072 --- [           main] j.LocalContainerEntityManagerFactoryBean : Initialized JPA EntityManagerFactory for persistence unit 'default'
2025-10-25T13:53:23.327+02:00  WARN 29072 --- [           main] JpaBaseConfiguration$JpaWebConfiguration : spring.jpa.open-in-view is enabled by default. Therefore, database queries may be performed during view rendering. Explicitly configure spring.jpa.open-in-view to disable this warning
2025-10-25T13:53:23.382+02:00  INFO 29072 --- [           main] r$InitializeUserDetailsManagerConfigurer : Global AuthenticationManager configured with UserDetailsService bean with name customUserDetailsService
2025-10-25T13:53:24.825+02:00  INFO 29072 --- [           main] o.l.f.buyer.BuyerServiceIntegrationTest  : Started BuyerServiceIntegrationTest in 10.842 seconds (process running for 25.32)
]]></system-out>
    <system-err><![CDATA[WARNING: A Java agent has been loaded dynamically (C:\Users\bbzzy\.m2\repository\net\bytebuddy\byte-buddy-agent\1.14.19\byte-buddy-agent-1.14.19.jar)
WARNING: If a serviceability tool is in use, please run with -XX:+EnableDynamicAgentLoading to hide this warning
WARNING: If a serviceability tool is not in use, please run with -Djdk.instrument.traceUsage for more information
WARNING: Dynamic loading of agents will be disallowed by default in a future release
]]></system-err>
  </testcase>
  <testcase name="shouldFindAndReturnBuyerFromDb_whenSearchByNip" classname="org.lukasz.faktury.buyer.BuyerServiceIntegrationTest" time="0.036"/>
</testsuite>