<?xml version="1.0" encoding="UTF-8"?>
<testsuite xmlns:xsi="http://www.w3.org/2001/XMLSchema-instance" xsi:noNamespaceSchemaLocation="https://maven.apache.org/surefire/maven-surefire-plugin/xsd/surefire-test-report-3.0.xsd" version="3.0" name="org.lukasz.faktury.buyer.BuyerServiceIntegrationTest" time="19.253" tests="2" errors="0" skipped="0" failures="0">
  <properties>
[...]
</properties>
  <testcase name="shouldFindAndReturnBuyerFromCdeig_whenSearchByNip" classname="org.lukasz.faktury.buyer.BuyerServiceIntegrationTest" time="1.551">
    <system-out><![CDATA[17:54:47.171 [main] INFO org.testcontainers.images.PullPolicy -- Image pull policy will be performed by: DefaultPullPolicy()
17:54:47.188 [main] INFO org.testcontainers.utility.ImageNameSubstitutor -- Image name substitution will be performed by: DefaultImageNameSubstitutor (composite of 'ConfigurationFileImageNameSubstitutor' and 'PrefixingImageNameSubstitutor')
17:54:47.651 [main] INFO org.springframework.test.context.support.AnnotationConfigContextLoaderUtils -- Could not detect default configuration classes for test class [org.lukasz.faktury.buyer.BuyerServiceIntegrationTest]: BuyerServiceIntegrationTest does not declare any static, non-private, non-final, nested classes annotated with @Configuration.
17:54:47.930 [main] INFO org.springframework.boot.test.context.SpringBootTestContextBootstrapper -- Found @SpringBootConfiguration org.lukasz.faktury.FakturyApplication for test class org.lukasz.faktury.buyer.BuyerServiceIntegrationTest
17:54:50.603 [main] INFO org.eclipse.jetty.server.Server -- jetty-12.0.13; built: 2024-09-03T03:04:05.240Z; git: 816018a420329c1cacd4116799cda8c8c60a57cd; jvm 22.0.2+9-70
17:54:50.681 [main] INFO org.eclipse.jetty.server.handler.ContextHandler -- Started oeje10s.ServletContextHandler@2c34ce24{/__admin,/__admin,b=null,a=AVAILABLE,h=oeje10s.ServletHandler@58f8ce0f{STARTED}}
17:54:50.684 [main] WARN org.eclipse.jetty.util.DeprecationWarning -- Using @Deprecated Class org.eclipse.jetty.ee10.servlets.CrossOriginFilter
17:54:50.688 [main] INFO org.eclipse.jetty.ee10.servlet.ServletContextHandler -- Started oeje10s.ServletContextHandler@2c34ce24{/__admin,/__admin,b=null,a=AVAILABLE,h=oeje10s.ServletHandler@58f8ce0f{STARTED}}
17:54:50.691 [main] INFO org.eclipse.jetty.server.handler.ContextHandler -- Started oeje10s.ServletContextHandler@50b010d4{ROOT,/,b=null,a=AVAILABLE,h=oeje10s.ServletHandler@510d4d4b{STARTED}}
17:54:50.700 [main] INFO org.eclipse.jetty.server.handler.ContextHandler.ROOT -- RequestHandlerClass from context returned com.github.tomakehurst.wiremock.http.StubRequestHandler. Normalized mapped under returned 'null'
17:54:50.700 [main] INFO org.eclipse.jetty.ee10.servlet.ServletContextHandler -- Started oeje10s.ServletContextHandler@50b010d4{ROOT,/,b=null,a=AVAILABLE,h=oeje10s.ServletHandler@510d4d4b{STARTED}}
17:54:50.743 [main] INFO org.eclipse.jetty.server.AbstractConnector -- Started NetworkTrafficServerConnector@274b0c2a{HTTP/1.1, (http/1.1, h2c)}{0.0.0.0:53087}
17:54:50.748 [main] INFO org.eclipse.jetty.server.Server -- Started oejs.Server@4f70b659{STARTING}[12.0.13,sto=1000] @5532ms
17:54:50.759 [main] INFO org.testcontainers.DockerClientFactory -- Testcontainers version: 1.21.3
17:54:51.356 [main] INFO org.testcontainers.dockerclient.DockerClientProviderStrategy -- Loaded org.testcontainers.dockerclient.NpipeSocketClientProviderStrategy from ~/.testcontainers.properties, will try it first
17:54:51.888 [main] INFO org.testcontainers.dockerclient.DockerClientProviderStrategy -- Found Docker environment with local Npipe socket (npipe:////./pipe/docker_engine)
17:54:51.890 [main] INFO org.testcontainers.DockerClientFactory -- Docker host IP address is localhost
17:54:51.918 [main] INFO org.testcontainers.DockerClientFactory -- Connected to docker: 
  Server Version: 28.4.0
  API Version: 1.51
  Operating System: Docker Desktop
  Total Memory: 9886 MB
  Labels: 
    com.docker.desktop.address=npipe://\\.\pipe\docker_cli
17:54:52.056 [main] INFO tc.testcontainers/ryuk:0.12.0 -- Creating container for image: testcontainers/ryuk:0.12.0
17:54:52.678 [main] INFO tc.testcontainers/ryuk:0.12.0 -- Container testcontainers/ryuk:0.12.0 is starting: 625256822b8fc65a657e9a376a4101a031cdde87a04cb283554f608879940e4a
17:54:53.272 [main] INFO tc.testcontainers/ryuk:0.12.0 -- Container testcontainers/ryuk:0.12.0 started in PT1.2158602S
17:54:53.280 [main] INFO org.testcontainers.utility.RyukResourceReaper -- Ryuk started - will monitor and terminate Testcontainers containers on JVM exit
17:54:53.281 [main] INFO org.testcontainers.DockerClientFactory -- Checking the system...
17:54:53.282 [main] INFO org.testcontainers.DockerClientFactory -- ✔︎ Docker server version should be at least 1.6.0
17:54:53.283 [main] INFO tc.postgres:latest -- Creating container for image: postgres:latest
17:54:53.425 [main] INFO tc.postgres:latest -- Container postgres:latest is starting: 3b3ed032e4b4fd562480071b1597ab8d767d08a4f0675797fd94c65953d9df6a
17:54:55.158 [main] INFO tc.postgres:latest -- Container postgres:latest started in PT1.8747695S
17:54:55.159 [main] INFO tc.postgres:latest -- Container is started (JDBC URL: jdbc:postgresql://localhost:53092/invoices?loggerLevel=OFF)
17:54:55.272 [main] INFO org.springframework.boot.devtools.restart.RestartApplicationListener -- Restart disabled due to context in which it is running

  .   ____          _            __ _ _
 /\\ / ___'_ __ _ _(_)_ __  __ _ \ \ \ \
( ( )\___ | '_ | '_| | '_ \/ _` | \ \ \ \
 \\/  ___)| |_)| | | | | || (_| |  ) ) ) )
  '  |____| .__|_| |_|_| |_\__, | / / / /
 =========|_|==============|___/=/_/_/_/

 :: Spring Boot ::                (v3.3.4)

2025-11-04T17:54:56.097+01:00  INFO 6552 --- [           main] o.l.f.buyer.BuyerServiceIntegrationTest  : Starting BuyerServiceIntegrationTest using Java 22.0.2 with PID 6552 (started by Lukasz in E:\projekty\faktury)
2025-11-04T17:54:56.099+01:00  INFO 6552 --- [           main] o.l.f.buyer.BuyerServiceIntegrationTest  : The following 1 profile is active: "test"
2025-11-04T17:54:57.372+01:00  INFO 6552 --- [           main] .s.d.r.c.RepositoryConfigurationDelegate : Bootstrapping Spring Data JPA repositories in DEFAULT mode.
2025-11-04T17:54:57.529+01:00  INFO 6552 --- [           main] .s.d.r.c.RepositoryConfigurationDelegate : Finished Spring Data repository scanning in 142 ms. Found 7 JPA repository interfaces.
2025-11-04T17:54:58.352+01:00  INFO 6552 --- [           main] o.hibernate.jpa.internal.util.LogHelper  : HHH000204: Processing PersistenceUnitInfo [name: default]
2025-11-04T17:54:58.467+01:00  INFO 6552 --- [           main] org.hibernate.Version                    : HHH000412: Hibernate ORM core version 6.5.3.Final
2025-11-04T17:54:58.526+01:00  INFO 6552 --- [           main] o.h.c.internal.RegionFactoryInitiator    : HHH000026: Second-level cache disabled
2025-11-04T17:54:59.124+01:00  INFO 6552 --- [           main] o.s.o.j.p.SpringPersistenceUnitInfo      : No LoadTimeWeaver setup: ignoring JPA class transformer
2025-11-04T17:54:59.206+01:00  INFO 6552 --- [           main] com.zaxxer.hikari.HikariDataSource       : HikariPool-1 - Starting...
2025-11-04T17:54:59.701+01:00  INFO 6552 --- [           main] com.zaxxer.hikari.pool.HikariPool        : HikariPool-1 - Added connection org.postgresql.jdbc.PgConnection@6be6d315
2025-11-04T17:54:59.705+01:00  INFO 6552 --- [           main] com.zaxxer.hikari.HikariDataSource       : HikariPool-1 - Start completed.
2025-11-04T17:55:01.978+01:00  INFO 6552 --- [           main] o.h.e.t.j.p.i.JtaPlatformInitiator       : HHH000489: No JTA platform available (set 'hibernate.transaction.jta.platform' to enable JTA platform integration)
2025-11-04T17:55:02.037+01:00  WARN 6552 --- [           main] o.h.engine.jdbc.spi.SqlExceptionHelper   : SQL Warning Code: 0, SQLState: 00000
2025-11-04T17:55:02.037+01:00  WARN 6552 --- [           main] o.h.engine.jdbc.spi.SqlExceptionHelper   : relation "activation_token" does not exist, skipping
2025-11-04T17:55:02.039+01:00  WARN 6552 --- [           main] o.h.engine.jdbc.spi.SqlExceptionHelper   : SQL Warning Code: 0, SQLState: 00000
2025-11-04T17:55:02.039+01:00  WARN 6552 --- [           main] o.h.engine.jdbc.spi.SqlExceptionHelper   : relation "change_password" does not exist, skipping
2025-11-04T17:55:02.041+01:00  WARN 6552 --- [           main] o.h.engine.jdbc.spi.SqlExceptionHelper   : SQL Warning Code: 0, SQLState: 00000
2025-11-04T17:55:02.042+01:00  WARN 6552 --- [           main] o.h.engine.jdbc.spi.SqlExceptionHelper   : relation "invoice_items" does not exist, skipping
2025-11-04T17:55:02.043+01:00  WARN 6552 --- [           main] o.h.engine.jdbc.spi.SqlExceptionHelper   : SQL Warning Code: 0, SQLState: 00000
2025-11-04T17:55:02.044+01:00  WARN 6552 --- [           main] o.h.engine.jdbc.spi.SqlExceptionHelper   : relation "invoices" does not exist, skipping
2025-11-04T17:55:02.045+01:00  WARN 6552 --- [           main] o.h.engine.jdbc.spi.SqlExceptionHelper   : SQL Warning Code: 0, SQLState: 00000
2025-11-04T17:55:02.045+01:00  WARN 6552 --- [           main] o.h.engine.jdbc.spi.SqlExceptionHelper   : relation "invoices" does not exist, skipping
2025-11-04T17:55:02.047+01:00  WARN 6552 --- [           main] o.h.engine.jdbc.spi.SqlExceptionHelper   : SQL Warning Code: 0, SQLState: 00000
2025-11-04T17:55:02.047+01:00  WARN 6552 --- [           main] o.h.engine.jdbc.spi.SqlExceptionHelper   : relation "users" does not exist, skipping
2025-11-04T17:55:02.048+01:00  WARN 6552 --- [           main] o.h.engine.jdbc.spi.SqlExceptionHelper   : SQL Warning Code: 0, SQLState: 00000
2025-11-04T17:55:02.048+01:00  WARN 6552 --- [           main] o.h.engine.jdbc.spi.SqlExceptionHelper   : relation "users" does not exist, skipping
2025-11-04T17:55:02.049+01:00  WARN 6552 --- [           main] o.h.engine.jdbc.spi.SqlExceptionHelper   : SQL Warning Code: 0, SQLState: 00000
2025-11-04T17:55:02.049+01:00  WARN 6552 --- [           main] o.h.engine.jdbc.spi.SqlExceptionHelper   : table "activation_token" does not exist, skipping
2025-11-04T17:55:02.050+01:00  WARN 6552 --- [           main] o.h.engine.jdbc.spi.SqlExceptionHelper   : SQL Warning Code: 0, SQLState: 00000
2025-11-04T17:55:02.050+01:00  WARN 6552 --- [           main] o.h.engine.jdbc.spi.SqlExceptionHelper   : table "buyer" does not exist, skipping
2025-11-04T17:55:02.052+01:00  WARN 6552 --- [           main] o.h.engine.jdbc.spi.SqlExceptionHelper   : SQL Warning Code: 0, SQLState: 00000
2025-11-04T17:55:02.052+01:00  WARN 6552 --- [           main] o.h.engine.jdbc.spi.SqlExceptionHelper   : table "change_password" does not exist, skipping
2025-11-04T17:55:02.054+01:00  WARN 6552 --- [           main] o.h.engine.jdbc.spi.SqlExceptionHelper   : SQL Warning Code: 0, SQLState: 00000
2025-11-04T17:55:02.054+01:00  WARN 6552 --- [           main] o.h.engine.jdbc.spi.SqlExceptionHelper   : table "invoice_items" does not exist, skipping
2025-11-04T17:55:02.056+01:00  WARN 6552 --- [           main] o.h.engine.jdbc.spi.SqlExceptionHelper   : SQL Warning Code: 0, SQLState: 00000
2025-11-04T17:55:02.056+01:00  WARN 6552 --- [           main] o.h.engine.jdbc.spi.SqlExceptionHelper   : table "invoices" does not exist, skipping
2025-11-04T17:55:02.057+01:00  WARN 6552 --- [           main] o.h.engine.jdbc.spi.SqlExceptionHelper   : SQL Warning Code: 0, SQLState: 00000
2025-11-04T17:55:02.057+01:00  WARN 6552 --- [           main] o.h.engine.jdbc.spi.SqlExceptionHelper   : table "seller" does not exist, skipping
2025-11-04T17:55:02.058+01:00  WARN 6552 --- [           main] o.h.engine.jdbc.spi.SqlExceptionHelper   : SQL Warning Code: 0, SQLState: 00000
2025-11-04T17:55:02.059+01:00  WARN 6552 --- [           main] o.h.engine.jdbc.spi.SqlExceptionHelper   : table "users" does not exist, skipping
2025-11-04T17:55:02.114+01:00  INFO 6552 --- [           main] j.LocalContainerEntityManagerFactoryBean : Initialized JPA EntityManagerFactory for persistence unit 'default'
2025-11-04T17:55:03.144+01:00  WARN 6552 --- [           main] JpaBaseConfiguration$JpaWebConfiguration : spring.jpa.open-in-view is enabled by default. Therefore, database queries may be performed during view rendering. Explicitly configure spring.jpa.open-in-view to disable this warning
2025-11-04T17:55:03.179+01:00  INFO 6552 --- [           main] r$InitializeUserDetailsManagerConfigurer : Global AuthenticationManager configured with UserDetailsService bean with name customUserDetailsService
2025-11-04T17:55:04.189+01:00  INFO 6552 --- [           main] o.l.f.buyer.BuyerServiceIntegrationTest  : Started BuyerServiceIntegrationTest in 8.944 seconds (process running for 18.974)
]]></system-out>
    <system-err><![CDATA[WARNING: A Java agent has been loaded dynamically (C:\Users\bbzzy\.m2\repository\net\bytebuddy\byte-buddy-agent\1.14.19\byte-buddy-agent-1.14.19.jar)
WARNING: If a serviceability tool is in use, please run with -XX:+EnableDynamicAgentLoading to hide this warning
WARNING: If a serviceability tool is not in use, please run with -Djdk.instrument.traceUsage for more information
WARNING: Dynamic loading of agents will be disallowed by default in a future release
]]></system-err>
  </testcase>
  <testcase name="shouldFindAndReturnBuyerFromDb_whenSearchByNip" classname="org.lukasz.faktury.buyer.BuyerServiceIntegrationTest" time="0.025"/>
</testsuite>